{"/Users/damien/Documents/Developpement/NodeJs/CookieClicker/public/js/shared/game-logic.js": {"path":"/Users/damien/Documents/Developpement/NodeJs/CookieClicker/public/js/shared/game-logic.js","statementMap":{"0":{"start":{"line":5,"column":34},"end":{"line":7,"column":1}},"1":{"start":{"line":6,"column":4},"end":{"line":6,"column":null}},"2":{"start":{"line":9,"column":40},"end":{"line":11,"column":1}},"3":{"start":{"line":10,"column":4},"end":{"line":10,"column":null}},"4":{"start":{"line":13,"column":34},"end":{"line":15,"column":1}},"5":{"start":{"line":14,"column":4},"end":{"line":14,"column":null}},"6":{"start":{"line":17,"column":28},"end":{"line":20,"column":1}},"7":{"start":{"line":18,"column":4},"end":{"line":18,"column":null}},"8":{"start":{"line":18,"column":28},"end":{"line":18,"column":null}},"9":{"start":{"line":19,"column":4},"end":{"line":19,"column":null}},"10":{"start":{"line":22,"column":25},"end":{"line":24,"column":1}},"11":{"start":{"line":23,"column":4},"end":{"line":23,"column":null}}},"fnMap":{"0":{"name":"(anonymous_0)","decl":{"start":{"line":5,"column":34},"end":{"line":5,"column":35}},"loc":{"start":{"line":5,"column":45},"end":{"line":7,"column":1}},"line":5},"1":{"name":"(anonymous_1)","decl":{"start":{"line":9,"column":40},"end":{"line":9,"column":41}},"loc":{"start":{"line":9,"column":51},"end":{"line":11,"column":1}},"line":9},"2":{"name":"(anonymous_2)","decl":{"start":{"line":13,"column":34},"end":{"line":13,"column":35}},"loc":{"start":{"line":13,"column":45},"end":{"line":15,"column":1}},"line":13},"3":{"name":"(anonymous_3)","decl":{"start":{"line":17,"column":28},"end":{"line":17,"column":29}},"loc":{"start":{"line":17,"column":60},"end":{"line":20,"column":1}},"line":17},"4":{"name":"(anonymous_4)","decl":{"start":{"line":22,"column":25},"end":{"line":22,"column":26}},"loc":{"start":{"line":22,"column":44},"end":{"line":24,"column":1}},"line":22}},"branchMap":{"0":{"loc":{"start":{"line":18,"column":4},"end":{"line":18,"column":null}},"type":"if","locations":[{"start":{"line":18,"column":4},"end":{"line":18,"column":null}},{"start":{},"end":{}}],"line":18}},"s":{"0":1,"1":3,"2":1,"3":2,"4":1,"5":3,"6":1,"7":3,"8":1,"9":2,"10":1,"11":4},"f":{"0":3,"1":2,"2":3,"3":3,"4":4},"b":{"0":[1,2]},"meta":{"lastBranch":1,"lastFunction":5,"lastStatement":12,"seen":{"s:5:34:7:1":0,"f:5:34:5:35":0,"s:6:4:6:Infinity":1,"s:9:40:11:1":2,"f:9:40:9:41":1,"s:10:4:10:Infinity":3,"s:13:34:15:1":4,"f:13:34:13:35":2,"s:14:4:14:Infinity":5,"s:17:28:20:1":6,"f:17:28:17:29":3,"b:18:4:18:Infinity:undefined:undefined:undefined:undefined":0,"s:18:4:18:Infinity":7,"s:18:28:18:Infinity":8,"s:19:4:19:Infinity":9,"s:22:25:24:1":10,"f:22:25:22:26":4,"s:23:4:23:Infinity":11}}}
,"/Users/damien/Documents/Developpement/NodeJs/CookieClicker/src/server/db-manager.js": {"path":"/Users/damien/Documents/Developpement/NodeJs/CookieClicker/src/server/db-manager.js","statementMap":{"0":{"start":{"line":3,"column":33},"end":{"line":5,"column":1}},"1":{"start":{"line":4,"column":4},"end":{"line":4,"column":null}},"2":{"start":{"line":7,"column":26},"end":{"line":9,"column":1}},"3":{"start":{"line":8,"column":4},"end":{"line":8,"column":null}},"4":{"start":{"line":11,"column":26},"end":{"line":16,"column":1}},"5":{"start":{"line":12,"column":17},"end":{"line":12,"column":107}},"6":{"start":{"line":13,"column":19},"end":{"line":13,"column":39}},"7":{"start":{"line":14,"column":4},"end":{"line":14,"column":null}},"8":{"start":{"line":15,"column":4},"end":{"line":15,"column":null}},"9":{"start":{"line":18,"column":28},"end":{"line":20,"column":1}},"10":{"start":{"line":19,"column":4},"end":{"line":19,"column":null}},"11":{"start":{"line":22,"column":29},"end":{"line":29,"column":1}},"12":{"start":{"line":23,"column":67},"end":{"line":23,"column":72}},"13":{"start":{"line":24,"column":4},"end":{"line":28,"column":null}}},"fnMap":{"0":{"name":"(anonymous_0)","decl":{"start":{"line":3,"column":33},"end":{"line":3,"column":34}},"loc":{"start":{"line":3,"column":47},"end":{"line":5,"column":1}},"line":3},"1":{"name":"(anonymous_1)","decl":{"start":{"line":7,"column":26},"end":{"line":7,"column":27}},"loc":{"start":{"line":7,"column":50},"end":{"line":9,"column":1}},"line":7},"2":{"name":"(anonymous_2)","decl":{"start":{"line":11,"column":26},"end":{"line":11,"column":27}},"loc":{"start":{"line":11,"column":50},"end":{"line":16,"column":1}},"line":11},"3":{"name":"(anonymous_3)","decl":{"start":{"line":18,"column":28},"end":{"line":18,"column":29}},"loc":{"start":{"line":18,"column":40},"end":{"line":20,"column":1}},"line":18},"4":{"name":"(anonymous_4)","decl":{"start":{"line":22,"column":29},"end":{"line":22,"column":30}},"loc":{"start":{"line":22,"column":48},"end":{"line":29,"column":1}},"line":22}},"branchMap":{},"s":{"0":1,"1":1,"2":1,"3":3,"4":1,"5":5,"6":5,"7":5,"8":5,"9":1,"10":2,"11":1,"12":1,"13":1},"f":{"0":1,"1":3,"2":5,"3":2,"4":1},"b":{},"meta":{"lastBranch":0,"lastFunction":5,"lastStatement":14,"seen":{"s:3:33:5:1":0,"f:3:33:3:34":0,"s:4:4:4:Infinity":1,"s:7:26:9:1":2,"f:7:26:7:27":1,"s:8:4:8:Infinity":3,"s:11:26:16:1":4,"f:11:26:11:27":2,"s:12:17:12:107":5,"s:13:19:13:39":6,"s:14:4:14:Infinity":7,"s:15:4:15:Infinity":8,"s:18:28:20:1":9,"f:18:28:18:29":3,"s:19:4:19:Infinity":10,"s:22:29:29:1":11,"f:22:29:22:30":4,"s:23:67:23:72":12,"s:24:4:28:Infinity":13}}}
}
